23-07-07 23:10:02:102 - [32minfo[39m: [32mRodando na porta 3000[39m
23-07-07 23:10:16:1016 - [31merror[39m: [31mRodando na porta 3000[39m
23-07-07 23:10:27:1027 - [32minfo[39m: [32mRodando na porta 3000[39m
23-07-07 23:10:53:1053 - [32minfo[39m: [32mRodando na porta 3000[39m
23-07-07 23:11:02:112 - [32minfo[39m: [32mRodando na porta 3000[39m
23-07-07 23:11:09:119 - [31merror[39m: [31mNão foi possivel conectar![39m
23-07-07 23:11:09:119 - [32minfo[39m: [32mRodando na porta 3000[39m
23-07-07 23:11:13:1113 - [31merror[39m: [31mNão foi possivel conectar![39m
23-07-07 23:11:16:1116 - [31merror[39m: [31mNão foi possivel conectar![39m
23-07-07 23:11:16:1116 - [31merror[39m: [31mErro: MongoAPIError: URI must include hostname, domain name, and tld[39m
23-07-07 23:11:16:1116 - [32minfo[39m: [32mRodando na porta 3000[39m
23-07-08 18:44:54:4454 - [32minfo[39m: [32mContectou ao banco de dados!!![39m
23-07-08 18:44:54:4454 - [32minfo[39m: [32mRodando na porta 3000[39m
23-07-08 18:45:10:4510 - [35mhttp[39m: [35mPOST /api//movie: 201 131 - 176.729 ms[39m
[35m[39m
23-07-08 18:46:06:466 - [35mhttp[39m: [35mPOST /api//movie: 201 131 - 167.587 ms[39m
[35m[39m
23-07-08 18:46:07:467 - [35mhttp[39m: [35mPOST /api//movie: 201 131 - 151.089 ms[39m
[35m[39m
23-07-08 18:46:36:4636 - [35mhttp[39m: [35mPOST /api//movie: 201 155 - 154.445 ms[39m
[35m[39m
23-07-08 18:55:20:5520 - [32minfo[39m: [32mContectou ao banco de dados!!![39m
23-07-08 18:55:20:5520 - [32minfo[39m: [32mRodando na porta 3000[39m
23-07-08 18:55:37:5537 - [32minfo[39m: [32mContectou ao banco de dados!!![39m
23-07-08 18:55:37:5537 - [32minfo[39m: [32mRodando na porta 3000[39m
23-07-08 18:55:44:5544 - [32minfo[39m: [32mContectou ao banco de dados!!![39m
23-07-08 18:55:44:5544 - [32minfo[39m: [32mRodando na porta 3000[39m
23-07-08 18:55:58:5558 - [32minfo[39m: [32mContectou ao banco de dados!!![39m
23-07-08 18:55:59:5559 - [32minfo[39m: [32mRodando na porta 3000[39m
23-07-08 18:56:22:5622 - [35mhttp[39m: [35mPOST /api//movie: 201 151 - 172.175 ms[39m
[35m[39m
23-07-08 18:58:11:5811 - [32minfo[39m: [32mContectou ao banco de dados!!![39m
23-07-08 18:58:11:5811 - [32minfo[39m: [32mRodando na porta 3000[39m
23-07-08 18:58:20:5820 - [32minfo[39m: [32mContectou ao banco de dados!!![39m
23-07-08 18:58:20:5820 - [32minfo[39m: [32mRodando na porta 3000[39m
23-07-08 18:58:26:5826 - [32minfo[39m: [32mContectou ao banco de dados!!![39m
23-07-08 18:58:26:5826 - [32minfo[39m: [32mRodando na porta 3000[39m
23-07-08 18:58:32:5832 - [32minfo[39m: [32mContectou ao banco de dados!!![39m
23-07-08 18:58:32:5832 - [32minfo[39m: [32mRodando na porta 3000[39m
23-07-08 18:58:38:5838 - [32minfo[39m: [32mContectou ao banco de dados!!![39m
23-07-08 18:58:38:5838 - [32minfo[39m: [32mRodando na porta 3000[39m
23-07-08 19:00:51:051 - [32minfo[39m: [32mContectou ao banco de dados!!![39m
23-07-08 19:00:51:051 - [32minfo[39m: [32mRodando na porta 3000[39m
23-07-08 19:01:06:16 - [35mhttp[39m: [35mPOST /api//movie: 422 52 - 7.305 ms[39m
[35m[39m
23-07-08 19:02:04:24 - [32minfo[39m: [32mContectou ao banco de dados!!![39m
23-07-08 19:02:04:24 - [32minfo[39m: [32mRodando na porta 3000[39m
23-07-08 19:02:11:211 - [32minfo[39m: [32mContectou ao banco de dados!!![39m
23-07-08 19:02:11:211 - [32minfo[39m: [32mRodando na porta 3000[39m
23-07-08 19:02:17:217 - [32minfo[39m: [32mContectou ao banco de dados!!![39m
23-07-08 19:02:17:217 - [32minfo[39m: [32mRodando na porta 3000[39m
23-07-08 19:02:22:222 - [32minfo[39m: [32mContectou ao banco de dados!!![39m
23-07-08 19:02:22:222 - [32minfo[39m: [32mRodando na porta 3000[39m
23-07-08 19:02:24:224 - [35mhttp[39m: [35mPOST /api//movie: 422 52 - 5.254 ms[39m
[35m[39m
23-07-08 19:03:17:317 - [32minfo[39m: [32mContectou ao banco de dados!!![39m
23-07-08 19:03:17:317 - [32minfo[39m: [32mRodando na porta 3000[39m
23-07-08 19:03:30:330 - [32minfo[39m: [32mContectou ao banco de dados!!![39m
23-07-08 19:03:30:330 - [32minfo[39m: [32mRodando na porta 3000[39m
23-07-08 19:03:39:339 - [32minfo[39m: [32mContectou ao banco de dados!!![39m
23-07-08 19:03:39:339 - [32minfo[39m: [32mRodando na porta 3000[39m
23-07-08 19:03:51:351 - [32minfo[39m: [32mContectou ao banco de dados!!![39m
23-07-08 19:03:51:351 - [32minfo[39m: [32mRodando na porta 3000[39m
23-07-08 19:03:58:358 - [32minfo[39m: [32mContectou ao banco de dados!!![39m
23-07-08 19:03:58:358 - [32minfo[39m: [32mRodando na porta 3000[39m
23-07-08 19:04:05:45 - [32minfo[39m: [32mContectou ao banco de dados!!![39m
23-07-08 19:04:05:45 - [32minfo[39m: [32mRodando na porta 3000[39m
23-07-08 19:04:18:418 - [35mhttp[39m: [35mPOST /api//movie: 422 71 - 5.982 ms[39m
[35m[39m
23-07-08 19:04:46:446 - [32minfo[39m: [32mContectou ao banco de dados!!![39m
23-07-08 19:04:46:446 - [32minfo[39m: [32mRodando na porta 3000[39m
23-07-08 19:04:48:448 - [35mhttp[39m: [35mPOST /api//movie: 422 71 - 5.657 ms[39m
[35m[39m
23-07-08 19:05:18:518 - [32minfo[39m: [32mContectou ao banco de dados!!![39m
23-07-08 19:05:18:518 - [32minfo[39m: [32mRodando na porta 3000[39m
23-07-08 19:05:33:533 - [32minfo[39m: [32mContectou ao banco de dados!!![39m
23-07-08 19:05:33:533 - [32minfo[39m: [32mRodando na porta 3000[39m
23-07-08 19:05:52:552 - [32minfo[39m: [32mContectou ao banco de dados!!![39m
23-07-08 19:05:52:552 - [32minfo[39m: [32mRodando na porta 3000[39m
23-07-08 19:06:02:62 - [32minfo[39m: [32mContectou ao banco de dados!!![39m
23-07-08 19:06:02:62 - [32minfo[39m: [32mRodando na porta 3000[39m
23-07-08 19:06:21:621 - [35mhttp[39m: [35mPOST /api//movie: 422 58 - 6.428 ms[39m
[35m[39m
23-07-08 19:06:32:632 - [35mhttp[39m: [35mPOST /api//movie: 201 171 - 164.178 ms[39m
[35m[39m
23-07-08 19:06:39:639 - [32minfo[39m: [32mContectou ao banco de dados!!![39m
23-07-08 19:06:39:639 - [32minfo[39m: [32mRodando na porta 3000[39m
23-07-08 19:07:06:76 - [32minfo[39m: [32mContectou ao banco de dados!!![39m
23-07-08 19:07:06:76 - [32minfo[39m: [32mRodando na porta 3000[39m
23-07-08 19:07:20:720 - [32minfo[39m: [32mContectou ao banco de dados!!![39m
23-07-08 19:07:20:720 - [32minfo[39m: [32mRodando na porta 3000[39m
23-07-08 19:07:58:758 - [32minfo[39m: [32mContectou ao banco de dados!!![39m
23-07-08 19:07:58:758 - [32minfo[39m: [32mRodando na porta 3000[39m
23-07-08 19:08:07:87 - [32minfo[39m: [32mContectou ao banco de dados!!![39m
23-07-08 19:08:07:87 - [32minfo[39m: [32mRodando na porta 3000[39m
23-07-08 19:08:17:817 - [32minfo[39m: [32mContectou ao banco de dados!!![39m
23-07-08 19:08:17:817 - [32minfo[39m: [32mRodando na porta 3000[39m
23-07-08 19:08:26:826 - [32minfo[39m: [32mContectou ao banco de dados!!![39m
23-07-08 19:08:26:826 - [32minfo[39m: [32mRodando na porta 3000[39m
23-07-08 19:08:44:844 - [32minfo[39m: [32mContectou ao banco de dados!!![39m
23-07-08 19:08:44:844 - [32minfo[39m: [32mRodando na porta 3000[39m
23-07-08 19:08:48:848 - [32minfo[39m: [32mContectou ao banco de dados!!![39m
23-07-08 19:08:48:848 - [32minfo[39m: [32mRodando na porta 3000[39m
23-07-08 19:08:57:857 - [32minfo[39m: [32mContectou ao banco de dados!!![39m
23-07-08 19:08:57:857 - [32minfo[39m: [32mRodando na porta 3000[39m
23-07-08 19:09:16:916 - [32minfo[39m: [32mContectou ao banco de dados!!![39m
23-07-08 19:09:16:916 - [32minfo[39m: [32mRodando na porta 3000[39m
23-07-08 19:09:20:920 - [32minfo[39m: [32mContectou ao banco de dados!!![39m
23-07-08 19:09:20:920 - [32minfo[39m: [32mRodando na porta 3000[39m
23-07-08 19:09:25:925 - [32minfo[39m: [32mContectou ao banco de dados!!![39m
23-07-08 19:09:25:925 - [32minfo[39m: [32mRodando na porta 3000[39m
23-07-08 19:09:52:952 - [32minfo[39m: [32mContectou ao banco de dados!!![39m
23-07-08 19:09:52:952 - [32minfo[39m: [32mRodando na porta 3000[39m
23-07-08 19:09:59:959 - [32minfo[39m: [32mContectou ao banco de dados!!![39m
23-07-08 19:09:59:959 - [32minfo[39m: [32mRodando na porta 3000[39m
23-07-08 19:10:02:102 - [32minfo[39m: [32mContectou ao banco de dados!!![39m
23-07-08 19:10:02:102 - [32minfo[39m: [32mRodando na porta 3000[39m
23-07-08 19:10:17:1017 - [32minfo[39m: [32mContectou ao banco de dados!!![39m
23-07-08 19:10:17:1017 - [32minfo[39m: [32mRodando na porta 3000[39m
23-07-08 19:10:38:1038 - [32minfo[39m: [32mContectou ao banco de dados!!![39m
23-07-08 19:10:38:1038 - [32minfo[39m: [32mRodando na porta 3000[39m
23-07-08 19:10:41:1041 - [32minfo[39m: [32mContectou ao banco de dados!!![39m
23-07-08 19:10:41:1041 - [32minfo[39m: [32mRodando na porta 3000[39m
23-07-08 19:10:45:1045 - [32minfo[39m: [32mContectou ao banco de dados!!![39m
23-07-08 19:10:45:1045 - [32minfo[39m: [32mRodando na porta 3000[39m
23-07-08 19:10:53:1053 - [32minfo[39m: [32mContectou ao banco de dados!!![39m
23-07-08 19:10:53:1053 - [32minfo[39m: [32mRodando na porta 3000[39m
23-07-08 19:11:04:114 - [32minfo[39m: [32mContectou ao banco de dados!!![39m
23-07-08 19:11:04:114 - [32minfo[39m: [32mRodando na porta 3000[39m
23-07-08 19:13:24:1324 - [35mhttp[39m: [35mPOST /api//movie: 201 287 - 197.079 ms[39m
[35m[39m
23-07-08 19:15:51:1551 - [32minfo[39m: [32mContectou ao banco de dados!!![39m
23-07-08 19:15:51:1551 - [32minfo[39m: [32mRodando na porta 3000[39m
23-07-08 19:16:05:165 - [32minfo[39m: [32mContectou ao banco de dados!!![39m
23-07-08 19:16:05:165 - [32minfo[39m: [32mRodando na porta 3000[39m
23-07-08 19:16:14:1614 - [32minfo[39m: [32mContectou ao banco de dados!!![39m
23-07-08 19:16:14:1614 - [32minfo[39m: [32mRodando na porta 3000[39m
23-07-08 19:16:26:1626 - [32minfo[39m: [32mContectou ao banco de dados!!![39m
23-07-08 19:16:26:1626 - [32minfo[39m: [32mRodando na porta 3000[39m
23-07-08 19:16:36:1636 - [32minfo[39m: [32mContectou ao banco de dados!!![39m
23-07-08 19:16:36:1636 - [32minfo[39m: [32mRodando na porta 3000[39m
23-07-08 19:16:53:1653 - [32minfo[39m: [32mContectou ao banco de dados!!![39m
23-07-08 19:16:53:1653 - [32minfo[39m: [32mRodando na porta 3000[39m
23-07-08 19:17:02:172 - [32minfo[39m: [32mContectou ao banco de dados!!![39m
23-07-08 19:17:02:172 - [32minfo[39m: [32mRodando na porta 3000[39m
23-07-08 19:17:06:176 - [32minfo[39m: [32mContectou ao banco de dados!!![39m
23-07-08 19:17:06:176 - [32minfo[39m: [32mRodando na porta 3000[39m
23-07-08 19:17:13:1713 - [32minfo[39m: [32mContectou ao banco de dados!!![39m
23-07-08 19:17:13:1713 - [32minfo[39m: [32mRodando na porta 3000[39m
23-07-08 19:17:18:1718 - [32minfo[39m: [32mContectou ao banco de dados!!![39m
23-07-08 19:17:18:1718 - [32minfo[39m: [32mRodando na porta 3000[39m
23-07-08 19:17:30:1730 - [32minfo[39m: [32mContectou ao banco de dados!!![39m
23-07-08 19:17:30:1730 - [32minfo[39m: [32mRodando na porta 3000[39m
23-07-08 19:17:37:1737 - [32minfo[39m: [32mContectou ao banco de dados!!![39m
23-07-08 19:17:37:1737 - [32minfo[39m: [32mRodando na porta 3000[39m
23-07-08 19:17:55:1755 - [32minfo[39m: [32mContectou ao banco de dados!!![39m
23-07-08 19:17:55:1755 - [32minfo[39m: [32mRodando na porta 3000[39m
23-07-08 19:18:02:182 - [32minfo[39m: [32mContectou ao banco de dados!!![39m
23-07-08 19:18:02:182 - [32minfo[39m: [32mRodando na porta 3000[39m
23-07-08 19:18:06:186 - [32minfo[39m: [32mContectou ao banco de dados!!![39m
23-07-08 19:18:06:186 - [32minfo[39m: [32mRodando na porta 3000[39m
23-07-08 19:18:15:1815 - [32minfo[39m: [32mContectou ao banco de dados!!![39m
23-07-08 19:18:15:1815 - [32minfo[39m: [32mRodando na porta 3000[39m
23-07-08 19:18:57:1857 - [35mhttp[39m: [35mPOST /api//movie/64a9df841c309a1b069fcee9: 404 175 - 2.420 ms[39m
[35m[39m
23-07-08 19:20:22:2022 - [35mhttp[39m: [35mPOST /api//movie/64a9df841c309a1b069fcee9: 404 175 - 0.817 ms[39m
[35m[39m
23-07-08 19:20:27:2027 - [35mhttp[39m: [35mPOST /api//movie/'64a9df841c309a1b069fcee9': 404 185 - 0.539 ms[39m
[35m[39m
23-07-08 19:20:31:2031 - [35mhttp[39m: [35mPOST /api//movie/64a9df841c309a1b069fcee9: 404 175 - 0.369 ms[39m
[35m[39m
23-07-08 19:21:24:2124 - [32minfo[39m: [32mContectou ao banco de dados!!![39m
23-07-08 19:21:24:2124 - [32minfo[39m: [32mRodando na porta 3000[39m
23-07-08 19:21:28:2128 - [32minfo[39m: [32mContectou ao banco de dados!!![39m
23-07-08 19:21:28:2128 - [32minfo[39m: [32mRodando na porta 3000[39m
23-07-08 19:21:39:2139 - [32minfo[39m: [32mContectou ao banco de dados!!![39m
23-07-08 19:21:39:2139 - [32minfo[39m: [32mRodando na porta 3000[39m
23-07-08 19:22:20:2220 - [32minfo[39m: [32mContectou ao banco de dados!!![39m
23-07-08 19:22:20:2220 - [32minfo[39m: [32mRodando na porta 3000[39m
23-07-08 19:22:26:2226 - [32minfo[39m: [32mContectou ao banco de dados!!![39m
23-07-08 19:22:26:2226 - [32minfo[39m: [32mRodando na porta 3000[39m
23-07-08 19:22:36:2236 - [32minfo[39m: [32mContectou ao banco de dados!!![39m
23-07-08 19:22:36:2236 - [32minfo[39m: [32mRodando na porta 3000[39m
23-07-08 19:22:40:2240 - [32minfo[39m: [32mContectou ao banco de dados!!![39m
23-07-08 19:22:40:2240 - [32minfo[39m: [32mRodando na porta 3000[39m
23-07-08 19:22:43:2243 - [32minfo[39m: [32mContectou ao banco de dados!!![39m
23-07-08 19:22:43:2243 - [32minfo[39m: [32mRodando na porta 3000[39m
23-07-08 19:23:03:233 - [32minfo[39m: [32mContectou ao banco de dados!!![39m
23-07-08 19:23:03:233 - [32minfo[39m: [32mRodando na porta 3000[39m
23-07-08 19:23:09:239 - [32minfo[39m: [32mContectou ao banco de dados!!![39m
23-07-08 19:23:09:239 - [32minfo[39m: [32mRodando na porta 3000[39m
23-07-08 19:23:25:2325 - [32minfo[39m: [32mContectou ao banco de dados!!![39m
23-07-08 19:23:25:2325 - [32minfo[39m: [32mRodando na porta 3000[39m
23-07-08 19:23:32:2332 - [32minfo[39m: [32mContectou ao banco de dados!!![39m
23-07-08 19:23:32:2332 - [32minfo[39m: [32mRodando na porta 3000[39m
23-07-08 19:23:42:2342 - [32minfo[39m: [32mContectou ao banco de dados!!![39m
23-07-08 19:23:42:2342 - [32minfo[39m: [32mRodando na porta 3000[39m
23-07-08 19:23:58:2358 - [32minfo[39m: [32mContectou ao banco de dados!!![39m
23-07-08 19:23:58:2358 - [32minfo[39m: [32mRodando na porta 3000[39m
23-07-08 19:24:05:245 - [32minfo[39m: [32mContectou ao banco de dados!!![39m
23-07-08 19:24:05:245 - [32minfo[39m: [32mRodando na porta 3000[39m
23-07-08 19:24:16:2416 - [32minfo[39m: [32mContectou ao banco de dados!!![39m
23-07-08 19:24:16:2416 - [32minfo[39m: [32mRodando na porta 3000[39m
23-07-08 19:24:38:2438 - [32minfo[39m: [32mContectou ao banco de dados!!![39m
23-07-08 19:24:38:2438 - [32minfo[39m: [32mRodando na porta 3000[39m
23-07-08 19:24:58:2458 - [35mhttp[39m: [35mGET /api//movie: 200 1165 - 203.444 ms[39m
[35m[39m
23-07-08 19:25:59:2559 - [32minfo[39m: [32mContectou ao banco de dados!!![39m
23-07-08 19:25:59:2559 - [32minfo[39m: [32mRodando na porta 3000[39m
23-07-08 19:26:08:268 - [32minfo[39m: [32mContectou ao banco de dados!!![39m
23-07-08 19:26:08:268 - [32minfo[39m: [32mRodando na porta 3000[39m
23-07-08 19:26:13:2613 - [32minfo[39m: [32mContectou ao banco de dados!!![39m
23-07-08 19:26:13:2613 - [32minfo[39m: [32mRodando na porta 3000[39m
23-07-08 19:26:25:2625 - [32minfo[39m: [32mContectou ao banco de dados!!![39m
23-07-08 19:26:25:2625 - [32minfo[39m: [32mRodando na porta 3000[39m
23-07-08 19:26:31:2631 - [32minfo[39m: [32mContectou ao banco de dados!!![39m
23-07-08 19:26:31:2631 - [32minfo[39m: [32mRodando na porta 3000[39m
23-07-08 19:26:51:2651 - [32minfo[39m: [32mContectou ao banco de dados!!![39m
23-07-08 19:26:51:2651 - [32minfo[39m: [32mRodando na porta 3000[39m
23-07-08 19:27:05:275 - [32minfo[39m: [32mContectou ao banco de dados!!![39m
23-07-08 19:27:05:275 - [32minfo[39m: [32mRodando na porta 3000[39m
23-07-08 19:27:17:2717 - [32minfo[39m: [32mContectou ao banco de dados!!![39m
23-07-08 19:27:17:2717 - [32minfo[39m: [32mRodando na porta 3000[39m
23-07-08 19:27:28:2728 - [32minfo[39m: [32mContectou ao banco de dados!!![39m
23-07-08 19:27:28:2728 - [32minfo[39m: [32mRodando na porta 3000[39m
23-07-08 19:27:34:2734 - [32minfo[39m: [32mContectou ao banco de dados!!![39m
23-07-08 19:27:34:2734 - [32minfo[39m: [32mRodando na porta 3000[39m
23-07-08 19:27:48:2748 - [32minfo[39m: [32mContectou ao banco de dados!!![39m
23-07-08 19:27:48:2748 - [32minfo[39m: [32mRodando na porta 3000[39m
23-07-08 19:27:56:2756 - [32minfo[39m: [32mContectou ao banco de dados!!![39m
23-07-08 19:27:56:2756 - [32minfo[39m: [32mRodando na porta 3000[39m
23-07-08 19:28:02:282 - [32minfo[39m: [32mContectou ao banco de dados!!![39m
23-07-08 19:28:02:282 - [32minfo[39m: [32mRodando na porta 3000[39m
23-07-08 19:28:26:2826 - [32minfo[39m: [32mContectou ao banco de dados!!![39m
23-07-08 19:28:26:2826 - [32minfo[39m: [32mRodando na porta 3000[39m
23-07-08 19:28:39:2839 - [32minfo[39m: [32mContectou ao banco de dados!!![39m
23-07-08 19:28:39:2839 - [32minfo[39m: [32mRodando na porta 3000[39m
23-07-08 19:28:44:2844 - [32minfo[39m: [32mContectou ao banco de dados!!![39m
23-07-08 19:28:44:2844 - [32minfo[39m: [32mRodando na porta 3000[39m
23-07-08 19:28:53:2853 - [32minfo[39m: [32mContectou ao banco de dados!!![39m
23-07-08 19:28:53:2853 - [32minfo[39m: [32mRodando na porta 3000[39m
23-07-08 19:28:59:2859 - [32minfo[39m: [32mContectou ao banco de dados!!![39m
23-07-08 19:28:59:2859 - [32minfo[39m: [32mRodando na porta 3000[39m
23-07-08 19:29:19:2919 - [32minfo[39m: [32mContectou ao banco de dados!!![39m
23-07-08 19:29:19:2919 - [32minfo[39m: [32mRodando na porta 3000[39m
23-07-08 19:29:41:2941 - [32minfo[39m: [32mContectou ao banco de dados!!![39m
23-07-08 19:29:41:2941 - [32minfo[39m: [32mRodando na porta 3000[39m
23-07-08 19:29:46:2946 - [32minfo[39m: [32mContectou ao banco de dados!!![39m
23-07-08 19:29:46:2946 - [32minfo[39m: [32mRodando na porta 3000[39m
23-07-08 19:29:53:2953 - [32minfo[39m: [32mContectou ao banco de dados!!![39m
23-07-08 19:29:53:2953 - [32minfo[39m: [32mRodando na porta 3000[39m
23-07-08 19:29:59:2959 - [32minfo[39m: [32mContectou ao banco de dados!!![39m
23-07-08 19:29:59:2959 - [32minfo[39m: [32mRodando na porta 3000[39m
23-07-08 19:30:10:3010 - [32minfo[39m: [32mContectou ao banco de dados!!![39m
23-07-08 19:30:10:3010 - [32minfo[39m: [32mRodando na porta 3000[39m
23-07-08 19:30:19:3019 - [32minfo[39m: [32mContectou ao banco de dados!!![39m
23-07-08 19:30:19:3019 - [32minfo[39m: [32mRodando na porta 3000[39m
23-07-08 19:31:39:3139 - [32minfo[39m: [32mContectou ao banco de dados!!![39m
23-07-08 19:31:39:3139 - [32minfo[39m: [32mRodando na porta 3000[39m
23-07-08 19:31:48:3148 - [32minfo[39m: [32mContectou ao banco de dados!!![39m
23-07-08 19:31:48:3148 - [32minfo[39m: [32mRodando na porta 3000[39m
23-07-08 19:31:51:3151 - [32minfo[39m: [32mContectou ao banco de dados!!![39m
23-07-08 19:31:51:3151 - [32minfo[39m: [32mRodando na porta 3000[39m
23-07-08 19:31:55:3155 - [32minfo[39m: [32mContectou ao banco de dados!!![39m
23-07-08 19:31:55:3155 - [32minfo[39m: [32mRodando na porta 3000[39m
23-07-08 19:32:02:322 - [32minfo[39m: [32mContectou ao banco de dados!!![39m
23-07-08 19:32:02:322 - [32minfo[39m: [32mRodando na porta 3000[39m
23-07-08 19:32:15:3215 - [32minfo[39m: [32mContectou ao banco de dados!!![39m
23-07-08 19:32:15:3215 - [32minfo[39m: [32mRodando na porta 3000[39m
23-07-08 19:32:26:3226 - [32minfo[39m: [32mContectou ao banco de dados!!![39m
23-07-08 19:32:26:3226 - [32minfo[39m: [32mRodando na porta 3000[39m
23-07-08 19:32:33:3233 - [32minfo[39m: [32mContectou ao banco de dados!!![39m
23-07-08 19:32:33:3233 - [32minfo[39m: [32mRodando na porta 3000[39m
23-07-08 19:32:36:3236 - [32minfo[39m: [32mContectou ao banco de dados!!![39m
23-07-08 19:32:36:3236 - [32minfo[39m: [32mRodando na porta 3000[39m
23-07-08 19:32:55:3255 - [32minfo[39m: [32mContectou ao banco de dados!!![39m
23-07-08 19:32:55:3255 - [32minfo[39m: [32mRodando na porta 3000[39m
23-07-08 19:33:02:332 - [32minfo[39m: [32mContectou ao banco de dados!!![39m
23-07-08 19:33:02:332 - [32minfo[39m: [32mRodando na porta 3000[39m
23-07-08 19:33:08:338 - [32minfo[39m: [32mContectou ao banco de dados!!![39m
23-07-08 19:33:08:338 - [32minfo[39m: [32mRodando na porta 3000[39m
23-07-08 19:33:41:3341 - [32minfo[39m: [32mContectou ao banco de dados!!![39m
23-07-08 19:33:41:3341 - [32minfo[39m: [32mRodando na porta 3000[39m
23-07-08 19:33:47:3347 - [32minfo[39m: [32mContectou ao banco de dados!!![39m
23-07-08 19:33:47:3347 - [32minfo[39m: [32mRodando na porta 3000[39m
23-07-08 19:34:00:340 - [32minfo[39m: [32mContectou ao banco de dados!!![39m
23-07-08 19:34:00:340 - [32minfo[39m: [32mRodando na porta 3000[39m
23-07-08 19:34:50:3450 - [32minfo[39m: [32mContectou ao banco de dados!!![39m
23-07-08 19:34:50:3450 - [32minfo[39m: [32mRodando na porta 3000[39m
23-07-08 19:35:00:350 - [32minfo[39m: [32mContectou ao banco de dados!!![39m
23-07-08 19:35:00:350 - [32minfo[39m: [32mRodando na porta 3000[39m
23-07-08 19:35:11:3511 - [32minfo[39m: [32mContectou ao banco de dados!!![39m
23-07-08 19:35:11:3511 - [32minfo[39m: [32mRodando na porta 3000[39m
23-07-08 19:35:17:3517 - [32minfo[39m: [32mContectou ao banco de dados!!![39m
23-07-08 19:35:17:3517 - [32minfo[39m: [32mRodando na porta 3000[39m
23-07-08 19:35:19:3519 - [32minfo[39m: [32mContectou ao banco de dados!!![39m
23-07-08 19:35:19:3519 - [32minfo[39m: [32mRodando na porta 3000[39m
23-07-08 19:35:24:3524 - [32minfo[39m: [32mContectou ao banco de dados!!![39m
23-07-08 19:35:24:3524 - [32minfo[39m: [32mRodando na porta 3000[39m
23-07-08 19:35:29:3529 - [32minfo[39m: [32mContectou ao banco de dados!!![39m
23-07-08 19:35:29:3529 - [32minfo[39m: [32mRodando na porta 3000[39m
23-07-08 19:35:55:3555 - [32minfo[39m: [32mContectou ao banco de dados!!![39m
23-07-08 19:35:55:3555 - [32minfo[39m: [32mRodando na porta 3000[39m
23-07-08 19:36:01:361 - [32minfo[39m: [32mContectou ao banco de dados!!![39m
23-07-08 19:36:01:361 - [32minfo[39m: [32mRodando na porta 3000[39m
23-07-08 19:36:07:367 - [32minfo[39m: [32mContectou ao banco de dados!!![39m
23-07-08 19:36:07:367 - [32minfo[39m: [32mRodando na porta 3000[39m
23-07-08 19:36:11:3611 - [32minfo[39m: [32mContectou ao banco de dados!!![39m
23-07-08 19:36:11:3611 - [32minfo[39m: [32mRodando na porta 3000[39m
23-07-08 19:36:16:3616 - [32minfo[39m: [32mContectou ao banco de dados!!![39m
23-07-08 19:36:16:3616 - [32minfo[39m: [32mRodando na porta 3000[39m
23-07-08 19:36:34:3634 - [32minfo[39m: [32mContectou ao banco de dados!!![39m
23-07-08 19:36:34:3634 - [32minfo[39m: [32mRodando na porta 3000[39m
23-07-08 19:36:48:3648 - [32minfo[39m: [32mContectou ao banco de dados!!![39m
23-07-08 19:36:48:3648 - [32minfo[39m: [32mRodando na porta 3000[39m
23-07-08 19:37:00:370 - [32minfo[39m: [32mContectou ao banco de dados!!![39m
23-07-08 19:37:00:370 - [32minfo[39m: [32mRodando na porta 3000[39m
23-07-08 19:37:14:3714 - [32minfo[39m: [32mContectou ao banco de dados!!![39m
23-07-08 19:37:14:3714 - [32minfo[39m: [32mRodando na porta 3000[39m
